Calling target program-options parser
[14:52:55.013] [bmv2] [D] [thread 12692] Set default default entry for table 'tbl_srv6l370': srv6l370 - 
[14:52:55.014] [bmv2] [D] [thread 12692] Set default default entry for table 'ingress.local_mac_table': NoAction - 
[14:52:55.014] [bmv2] [D] [thread 12692] Set default default entry for table 'ingress.local_sid_table': NoAction - 
[14:52:55.014] [bmv2] [D] [thread 12692] Set default default entry for table 'tbl_srv6_pop': ingress.srv6_pop - 
[14:52:55.014] [bmv2] [D] [thread 12692] Set default default entry for table 'ingress.transit_table': NoAction - 
[14:52:55.014] [bmv2] [D] [thread 12692] Set default default entry for table 'ingress.routing_v6_table': NoAction - 
[14:52:55.014] [bmv2] [D] [thread 12692] Set default default entry for table 'tbl_drop': ingress.drop - 
[14:52:55.014] [bmv2] [D] [thread 12692] Set default default entry for table 'tbl_srv6l422': srv6l422 - 
Adding interface s1-eth1 as port 1
[14:52:55.014] [bmv2] [D] [thread 12692] Adding interface s1-eth1 as port 1
Adding interface s1-eth2 as port 2
[14:52:55.043] [bmv2] [D] [thread 12692] Adding interface s1-eth2 as port 2
Server listening on 0.0.0.0:50051
[14:52:55.080] [bmv2] [I] [thread 12692] Starting Thrift server on port 9090
[14:52:55.080] [bmv2] [I] [thread 12692] Thrift server was started
[14:52:55.132] [bmv2] [D] [thread 12703] [0.0] [cxt 0] Processing packet received on port 2
[14:52:55.132] [bmv2] [D] [thread 12703] [0.0] [cxt 0] Parser 'parser': start
[14:52:55.132] [bmv2] [D] [thread 12703] [0.0] [cxt 0] Parser 'parser' entering state 'start'
[14:52:55.132] [bmv2] [D] [thread 12703] [0.0] [cxt 0] Parser state 'start': key is 0002
[14:52:55.132] [bmv2] [T] [thread 12703] [0.0] [cxt 0] Bytes parsed: 0
[14:52:55.132] [bmv2] [D] [thread 12703] [0.0] [cxt 0] Parser 'parser' entering state 'parse_ethernet'
[14:52:55.132] [bmv2] [D] [thread 12703] [0.0] [cxt 0] Extracting header 'ethernet'
[14:52:55.132] [bmv2] [D] [thread 12703] [0.0] [cxt 0] Parser state 'parse_ethernet': key is 86dd
[14:52:55.132] [bmv2] [T] [thread 12703] [0.0] [cxt 0] Bytes parsed: 14
[14:52:55.132] [bmv2] [D] [thread 12703] [0.0] [cxt 0] Parser 'parser': end
[14:52:55.132] [bmv2] [D] [thread 12703] [0.0] [cxt 0] Pipeline 'ingress': start
[14:52:55.132] [bmv2] [T] [thread 12703] [0.0] [cxt 0] srv6.p4(366) Condition "standard_metadata.ingress_port == CPU_PORT" (node_2) is false
[14:52:55.132] [bmv2] [T] [thread 12703] [0.0] [cxt 0] Applying table 'ingress.local_mac_table'
[14:52:55.132] [bmv2] [D] [thread 12703] [0.0] [cxt 0] Looking up key:
* hdr.ethernet.dst_addr: 3333ff89acde

[14:52:55.132] [bmv2] [D] [thread 12703] [0.0] [cxt 0] Table 'ingress.local_mac_table': miss
[14:52:55.132] [bmv2] [D] [thread 12703] [0.0] [cxt 0] Action entry is NoAction - 
[14:52:55.132] [bmv2] [T] [thread 12703] [0.0] [cxt 0] Action NoAction
[14:52:55.132] [bmv2] [D] [thread 12703] [0.0] [cxt 0] Pipeline 'ingress': end
[14:52:55.132] [bmv2] [D] [thread 12703] [0.0] [cxt 0] Egress port is 0
[14:52:55.132] [bmv2] [D] [thread 12703] [1.0] [cxt 0] Processing packet received on port 2
[14:52:55.132] [bmv2] [D] [thread 12703] [1.0] [cxt 0] Parser 'parser': start
[14:52:55.132] [bmv2] [D] [thread 12703] [1.0] [cxt 0] Parser 'parser' entering state 'start'
[14:52:55.132] [bmv2] [D] [thread 12703] [1.0] [cxt 0] Parser state 'start': key is 0002
[14:52:55.132] [bmv2] [T] [thread 12703] [1.0] [cxt 0] Bytes parsed: 0
[14:52:55.132] [bmv2] [D] [thread 12703] [1.0] [cxt 0] Parser 'parser' entering state 'parse_ethernet'
[14:52:55.132] [bmv2] [D] [thread 12703] [1.0] [cxt 0] Extracting header 'ethernet'
[14:52:55.132] [bmv2] [D] [thread 12703] [1.0] [cxt 0] Parser state 'parse_ethernet': key is 86dd
[14:52:55.132] [bmv2] [T] [thread 12703] [1.0] [cxt 0] Bytes parsed: 14
[14:52:55.132] [bmv2] [D] [thread 12703] [1.0] [cxt 0] Parser 'parser': end
[14:52:55.132] [bmv2] [D] [thread 12703] [1.0] [cxt 0] Pipeline 'ingress': start
[14:52:55.132] [bmv2] [T] [thread 12703] [1.0] [cxt 0] srv6.p4(366) Condition "standard_metadata.ingress_port == CPU_PORT" (node_2) is false
[14:52:55.132] [bmv2] [T] [thread 12703] [1.0] [cxt 0] Applying table 'ingress.local_mac_table'
[14:52:55.132] [bmv2] [D] [thread 12703] [1.0] [cxt 0] Looking up key:
* hdr.ethernet.dst_addr: 3333ff16cb7f

[14:52:55.132] [bmv2] [D] [thread 12703] [1.0] [cxt 0] Table 'ingress.local_mac_table': miss
[14:52:55.132] [bmv2] [D] [thread 12703] [1.0] [cxt 0] Action entry is NoAction - 
[14:52:55.132] [bmv2] [T] [thread 12703] [1.0] [cxt 0] Action NoAction
[14:52:55.132] [bmv2] [D] [thread 12703] [1.0] [cxt 0] Pipeline 'ingress': end
[14:52:55.132] [bmv2] [D] [thread 12703] [1.0] [cxt 0] Egress port is 0
[14:52:55.132] [bmv2] [D] [thread 12704] [0.0] [cxt 0] Pipeline 'egress': start
[14:52:55.132] [bmv2] [T] [thread 12704] [0.0] [cxt 0] srv6.p4(418) Condition "standard_metadata.egress_port == CPU_PORT" (node_15) is false
[14:52:55.132] [bmv2] [D] [thread 12704] [0.0] [cxt 0] Pipeline 'egress': end
[14:52:55.132] [bmv2] [D] [thread 12704] [0.0] [cxt 0] Deparser 'deparser': start
[14:52:55.132] [bmv2] [T] [thread 12704] [0.0] [cxt 0] Skipping checksum 'cksum' update because condition not met
[14:52:55.132] [bmv2] [D] [thread 12704] [0.0] [cxt 0] Deparsing header 'ethernet'
[14:52:55.132] [bmv2] [D] [thread 12704] [0.0] [cxt 0] Deparser 'deparser': end
[14:52:55.132] [bmv2] [D] [thread 12704] [1.0] [cxt 0] Pipeline 'egress': start
[14:52:55.132] [bmv2] [T] [thread 12704] [1.0] [cxt 0] srv6.p4(418) Condition "standard_metadata.egress_port == CPU_PORT" (node_15) is false
[14:52:55.132] [bmv2] [D] [thread 12704] [1.0] [cxt 0] Pipeline 'egress': end
[14:52:55.132] [bmv2] [D] [thread 12704] [1.0] [cxt 0] Deparser 'deparser': start
[14:52:55.132] [bmv2] [T] [thread 12704] [1.0] [cxt 0] Skipping checksum 'cksum' update because condition not met
[14:52:55.132] [bmv2] [D] [thread 12704] [1.0] [cxt 0] Deparsing header 'ethernet'
[14:52:55.132] [bmv2] [D] [thread 12704] [1.0] [cxt 0] Deparser 'deparser': end
[14:52:55.132] [bmv2] [D] [thread 12708] [0.0] [cxt 0] Transmitting packet of size 86 out of port 0
[14:52:55.132] [bmv2] [D] [thread 12708] [1.0] [cxt 0] Transmitting packet of size 86 out of port 0
[14:52:55.167] [bmv2] [D] [thread 12703] [2.0] [cxt 0] Processing packet received on port 1
[14:52:55.167] [bmv2] [D] [thread 12703] [2.0] [cxt 0] Parser 'parser': start
[14:52:55.167] [bmv2] [D] [thread 12703] [2.0] [cxt 0] Parser 'parser' entering state 'start'
[14:52:55.167] [bmv2] [D] [thread 12703] [2.0] [cxt 0] Parser state 'start': key is 0001
[14:52:55.167] [bmv2] [T] [thread 12703] [2.0] [cxt 0] Bytes parsed: 0
[14:52:55.167] [bmv2] [D] [thread 12703] [2.0] [cxt 0] Parser 'parser' entering state 'parse_ethernet'
[14:52:55.167] [bmv2] [D] [thread 12703] [2.0] [cxt 0] Extracting header 'ethernet'
[14:52:55.167] [bmv2] [D] [thread 12703] [2.0] [cxt 0] Parser state 'parse_ethernet': key is 86dd
[14:52:55.167] [bmv2] [T] [thread 12703] [2.0] [cxt 0] Bytes parsed: 14
[14:52:55.167] [bmv2] [D] [thread 12703] [2.0] [cxt 0] Parser 'parser': end
[14:52:55.168] [bmv2] [D] [thread 12703] [2.0] [cxt 0] Pipeline 'ingress': start
[14:52:55.168] [bmv2] [T] [thread 12703] [2.0] [cxt 0] srv6.p4(366) Condition "standard_metadata.ingress_port == CPU_PORT" (node_2) is false
[14:52:55.168] [bmv2] [T] [thread 12703] [2.0] [cxt 0] Applying table 'ingress.local_mac_table'
[14:52:55.168] [bmv2] [D] [thread 12703] [2.0] [cxt 0] Looking up key:
* hdr.ethernet.dst_addr: 333300000016

[14:52:55.168] [bmv2] [D] [thread 12703] [2.0] [cxt 0] Table 'ingress.local_mac_table': miss
[14:52:55.168] [bmv2] [D] [thread 12703] [2.0] [cxt 0] Action entry is NoAction - 
[14:52:55.168] [bmv2] [T] [thread 12703] [2.0] [cxt 0] Action NoAction
[14:52:55.168] [bmv2] [D] [thread 12703] [2.0] [cxt 0] Pipeline 'ingress': end
[14:52:55.168] [bmv2] [D] [thread 12703] [2.0] [cxt 0] Egress port is 0
[14:52:55.168] [bmv2] [D] [thread 12704] [2.0] [cxt 0] Pipeline 'egress': start
[14:52:55.168] [bmv2] [T] [thread 12704] [2.0] [cxt 0] srv6.p4(418) Condition "standard_metadata.egress_port == CPU_PORT" (node_15) is false
[14:52:55.168] [bmv2] [D] [thread 12704] [2.0] [cxt 0] Pipeline 'egress': end
[14:52:55.168] [bmv2] [D] [thread 12704] [2.0] [cxt 0] Deparser 'deparser': start
[14:52:55.168] [bmv2] [T] [thread 12704] [2.0] [cxt 0] Skipping checksum 'cksum' update because condition not met
[14:52:55.168] [bmv2] [D] [thread 12704] [2.0] [cxt 0] Deparsing header 'ethernet'
[14:52:55.168] [bmv2] [D] [thread 12704] [2.0] [cxt 0] Deparser 'deparser': end
[14:52:55.168] [bmv2] [D] [thread 12708] [2.0] [cxt 0] Transmitting packet of size 90 out of port 0
[14:52:55.340] [bmv2] [D] [thread 12703] [3.0] [cxt 0] Processing packet received on port 2
[14:52:55.340] [bmv2] [D] [thread 12703] [3.0] [cxt 0] Parser 'parser': start
[14:52:55.340] [bmv2] [D] [thread 12703] [3.0] [cxt 0] Parser 'parser' entering state 'start'
[14:52:55.340] [bmv2] [D] [thread 12703] [3.0] [cxt 0] Parser state 'start': key is 0002
[14:52:55.340] [bmv2] [T] [thread 12703] [3.0] [cxt 0] Bytes parsed: 0
[14:52:55.340] [bmv2] [D] [thread 12703] [3.0] [cxt 0] Parser 'parser' entering state 'parse_ethernet'
[14:52:55.340] [bmv2] [D] [thread 12703] [3.0] [cxt 0] Extracting header 'ethernet'
[14:52:55.340] [bmv2] [D] [thread 12703] [3.0] [cxt 0] Parser state 'parse_ethernet': key is 86dd
[14:52:55.340] [bmv2] [T] [thread 12703] [3.0] [cxt 0] Bytes parsed: 14
[14:52:55.340] [bmv2] [D] [thread 12703] [3.0] [cxt 0] Parser 'parser': end
[14:52:55.340] [bmv2] [D] [thread 12703] [3.0] [cxt 0] Pipeline 'ingress': start
[14:52:55.340] [bmv2] [T] [thread 12703] [3.0] [cxt 0] srv6.p4(366) Condition "standard_metadata.ingress_port == CPU_PORT" (node_2) is false
[14:52:55.340] [bmv2] [T] [thread 12703] [3.0] [cxt 0] Applying table 'ingress.local_mac_table'
[14:52:55.340] [bmv2] [D] [thread 12703] [3.0] [cxt 0] Looking up key:
* hdr.ethernet.dst_addr: 333300000016

[14:52:55.340] [bmv2] [D] [thread 12703] [3.0] [cxt 0] Table 'ingress.local_mac_table': miss
[14:52:55.340] [bmv2] [D] [thread 12703] [3.0] [cxt 0] Action entry is NoAction - 
[14:52:55.340] [bmv2] [T] [thread 12703] [3.0] [cxt 0] Action NoAction
[14:52:55.340] [bmv2] [D] [thread 12703] [3.0] [cxt 0] Pipeline 'ingress': end
[14:52:55.340] [bmv2] [D] [thread 12703] [3.0] [cxt 0] Egress port is 0
[14:52:55.340] [bmv2] [D] [thread 12704] [3.0] [cxt 0] Pipeline 'egress': start
[14:52:55.340] [bmv2] [T] [thread 12704] [3.0] [cxt 0] srv6.p4(418) Condition "standard_metadata.egress_port == CPU_PORT" (node_15) is false
[14:52:55.340] [bmv2] [D] [thread 12704] [3.0] [cxt 0] Pipeline 'egress': end
[14:52:55.341] [bmv2] [D] [thread 12704] [3.0] [cxt 0] Deparser 'deparser': start
[14:52:55.341] [bmv2] [T] [thread 12704] [3.0] [cxt 0] Skipping checksum 'cksum' update because condition not met
[14:52:55.341] [bmv2] [D] [thread 12704] [3.0] [cxt 0] Deparsing header 'ethernet'
[14:52:55.341] [bmv2] [D] [thread 12704] [3.0] [cxt 0] Deparser 'deparser': end
[14:52:55.341] [bmv2] [D] [thread 12708] [3.0] [cxt 0] Transmitting packet of size 90 out of port 0
[14:52:55.487] [bmv2] [D] [thread 12703] [4.0] [cxt 0] Processing packet received on port 2
[14:52:55.487] [bmv2] [D] [thread 12703] [4.0] [cxt 0] Parser 'parser': start
[14:52:55.487] [bmv2] [D] [thread 12703] [4.0] [cxt 0] Parser 'parser' entering state 'start'
[14:52:55.487] [bmv2] [D] [thread 12703] [4.0] [cxt 0] Parser state 'start': key is 0002
[14:52:55.487] [bmv2] [T] [thread 12703] [4.0] [cxt 0] Bytes parsed: 0
[14:52:55.487] [bmv2] [D] [thread 12703] [4.0] [cxt 0] Parser 'parser' entering state 'parse_ethernet'
[14:52:55.487] [bmv2] [D] [thread 12703] [4.0] [cxt 0] Extracting header 'ethernet'
[14:52:55.487] [bmv2] [D] [thread 12703] [4.0] [cxt 0] Parser state 'parse_ethernet': key is 86dd
[14:52:55.487] [bmv2] [T] [thread 12703] [4.0] [cxt 0] Bytes parsed: 14
[14:52:55.487] [bmv2] [D] [thread 12703] [4.0] [cxt 0] Parser 'parser': end
[14:52:55.487] [bmv2] [D] [thread 12703] [4.0] [cxt 0] Pipeline 'ingress': start
[14:52:55.487] [bmv2] [T] [thread 12703] [4.0] [cxt 0] srv6.p4(366) Condition "standard_metadata.ingress_port == CPU_PORT" (node_2) is false
[14:52:55.487] [bmv2] [T] [thread 12703] [4.0] [cxt 0] Applying table 'ingress.local_mac_table'
[14:52:55.487] [bmv2] [D] [thread 12703] [4.0] [cxt 0] Looking up key:
* hdr.ethernet.dst_addr: 333300000016

[14:52:55.487] [bmv2] [D] [thread 12703] [4.0] [cxt 0] Table 'ingress.local_mac_table': miss
[14:52:55.487] [bmv2] [D] [thread 12703] [4.0] [cxt 0] Action entry is NoAction - 
[14:52:55.488] [bmv2] [T] [thread 12703] [4.0] [cxt 0] Action NoAction
[14:52:55.488] [bmv2] [D] [thread 12703] [4.0] [cxt 0] Pipeline 'ingress': end
[14:52:55.488] [bmv2] [D] [thread 12703] [4.0] [cxt 0] Egress port is 0
[14:52:55.488] [bmv2] [D] [thread 12704] [4.0] [cxt 0] Pipeline 'egress': start
[14:52:55.488] [bmv2] [T] [thread 12704] [4.0] [cxt 0] srv6.p4(418) Condition "standard_metadata.egress_port == CPU_PORT" (node_15) is false
[14:52:55.488] [bmv2] [D] [thread 12704] [4.0] [cxt 0] Pipeline 'egress': end
[14:52:55.488] [bmv2] [D] [thread 12704] [4.0] [cxt 0] Deparser 'deparser': start
[14:52:55.488] [bmv2] [T] [thread 12704] [4.0] [cxt 0] Skipping checksum 'cksum' update because condition not met
[14:52:55.488] [bmv2] [D] [thread 12704] [4.0] [cxt 0] Deparsing header 'ethernet'
[14:52:55.488] [bmv2] [D] [thread 12704] [4.0] [cxt 0] Deparser 'deparser': end
[14:52:55.488] [bmv2] [D] [thread 12708] [4.0] [cxt 0] Transmitting packet of size 90 out of port 0
[14:52:55.937] [bmv2] [D] [thread 12703] [5.0] [cxt 0] Processing packet received on port 1
[14:52:55.937] [bmv2] [D] [thread 12703] [5.0] [cxt 0] Parser 'parser': start
[14:52:55.937] [bmv2] [D] [thread 12703] [5.0] [cxt 0] Parser 'parser' entering state 'start'
[14:52:55.937] [bmv2] [D] [thread 12703] [5.0] [cxt 0] Parser state 'start': key is 0001
[14:52:55.937] [bmv2] [T] [thread 12703] [5.0] [cxt 0] Bytes parsed: 0
[14:52:55.937] [bmv2] [D] [thread 12703] [5.0] [cxt 0] Parser 'parser' entering state 'parse_ethernet'
[14:52:55.937] [bmv2] [D] [thread 12703] [5.0] [cxt 0] Extracting header 'ethernet'
[14:52:55.937] [bmv2] [D] [thread 12703] [5.0] [cxt 0] Parser state 'parse_ethernet': key is 86dd
[14:52:55.937] [bmv2] [T] [thread 12703] [5.0] [cxt 0] Bytes parsed: 14
[14:52:55.937] [bmv2] [D] [thread 12703] [5.0] [cxt 0] Parser 'parser': end
[14:52:55.937] [bmv2] [D] [thread 12703] [5.0] [cxt 0] Pipeline 'ingress': start
[14:52:55.937] [bmv2] [T] [thread 12703] [5.0] [cxt 0] srv6.p4(366) Condition "standard_metadata.ingress_port == CPU_PORT" (node_2) is false
[14:52:55.937] [bmv2] [T] [thread 12703] [5.0] [cxt 0] Applying table 'ingress.local_mac_table'
[14:52:55.937] [bmv2] [D] [thread 12703] [5.0] [cxt 0] Looking up key:
* hdr.ethernet.dst_addr: 333300000016

[14:52:55.937] [bmv2] [D] [thread 12703] [5.0] [cxt 0] Table 'ingress.local_mac_table': miss
[14:52:55.937] [bmv2] [D] [thread 12703] [5.0] [cxt 0] Action entry is NoAction - 
[14:52:55.937] [bmv2] [T] [thread 12703] [5.0] [cxt 0] Action NoAction
[14:52:55.938] [bmv2] [D] [thread 12703] [5.0] [cxt 0] Pipeline 'ingress': end
[14:52:55.938] [bmv2] [D] [thread 12703] [5.0] [cxt 0] Egress port is 0
[14:52:55.938] [bmv2] [D] [thread 12703] [6.0] [cxt 0] Processing packet received on port 1
[14:52:55.938] [bmv2] [D] [thread 12703] [6.0] [cxt 0] Parser 'parser': start
[14:52:55.938] [bmv2] [D] [thread 12703] [6.0] [cxt 0] Parser 'parser' entering state 'start'
[14:52:55.938] [bmv2] [D] [thread 12703] [6.0] [cxt 0] Parser state 'start': key is 0001
[14:52:55.938] [bmv2] [T] [thread 12703] [6.0] [cxt 0] Bytes parsed: 0
[14:52:55.938] [bmv2] [D] [thread 12703] [6.0] [cxt 0] Parser 'parser' entering state 'parse_ethernet'
[14:52:55.938] [bmv2] [D] [thread 12703] [6.0] [cxt 0] Extracting header 'ethernet'
[14:52:55.938] [bmv2] [D] [thread 12703] [6.0] [cxt 0] Parser state 'parse_ethernet': key is 86dd
[14:52:55.938] [bmv2] [T] [thread 12703] [6.0] [cxt 0] Bytes parsed: 14
[14:52:55.938] [bmv2] [D] [thread 12703] [6.0] [cxt 0] Parser 'parser': end
[14:52:55.938] [bmv2] [D] [thread 12703] [6.0] [cxt 0] Pipeline 'ingress': start
[14:52:55.938] [bmv2] [T] [thread 12703] [6.0] [cxt 0] srv6.p4(366) Condition "standard_metadata.ingress_port == CPU_PORT" (node_2) is false
[14:52:55.938] [bmv2] [T] [thread 12703] [6.0] [cxt 0] Applying table 'ingress.local_mac_table'
[14:52:55.938] [bmv2] [D] [thread 12703] [6.0] [cxt 0] Looking up key:
* hdr.ethernet.dst_addr: 333300000002

[14:52:55.938] [bmv2] [D] [thread 12703] [6.0] [cxt 0] Table 'ingress.local_mac_table': miss
[14:52:55.938] [bmv2] [D] [thread 12703] [6.0] [cxt 0] Action entry is NoAction - 
[14:52:55.938] [bmv2] [T] [thread 12703] [6.0] [cxt 0] Action NoAction
[14:52:55.938] [bmv2] [D] [thread 12703] [6.0] [cxt 0] Pipeline 'ingress': end
[14:52:55.938] [bmv2] [D] [thread 12703] [6.0] [cxt 0] Egress port is 0
[14:52:55.938] [bmv2] [D] [thread 12704] [5.0] [cxt 0] Pipeline 'egress': start
[14:52:55.938] [bmv2] [T] [thread 12704] [5.0] [cxt 0] srv6.p4(418) Condition "standard_metadata.egress_port == CPU_PORT" (node_15) is false
[14:52:55.938] [bmv2] [D] [thread 12704] [5.0] [cxt 0] Pipeline 'egress': end
[14:52:55.938] [bmv2] [D] [thread 12704] [5.0] [cxt 0] Deparser 'deparser': start
[14:52:55.938] [bmv2] [T] [thread 12704] [5.0] [cxt 0] Skipping checksum 'cksum' update because condition not met
[14:52:55.938] [bmv2] [D] [thread 12704] [5.0] [cxt 0] Deparsing header 'ethernet'
[14:52:55.938] [bmv2] [D] [thread 12704] [5.0] [cxt 0] Deparser 'deparser': end
[14:52:55.938] [bmv2] [D] [thread 12704] [6.0] [cxt 0] Pipeline 'egress': start
[14:52:55.938] [bmv2] [T] [thread 12704] [6.0] [cxt 0] srv6.p4(418) Condition "standard_metadata.egress_port == CPU_PORT" (node_15) is false
[14:52:55.938] [bmv2] [D] [thread 12704] [6.0] [cxt 0] Pipeline 'egress': end
[14:52:55.938] [bmv2] [D] [thread 12704] [6.0] [cxt 0] Deparser 'deparser': start
[14:52:55.938] [bmv2] [T] [thread 12704] [6.0] [cxt 0] Skipping checksum 'cksum' update because condition not met
[14:52:55.938] [bmv2] [D] [thread 12704] [6.0] [cxt 0] Deparsing header 'ethernet'
[14:52:55.938] [bmv2] [D] [thread 12704] [6.0] [cxt 0] Deparser 'deparser': end
[14:52:55.938] [bmv2] [D] [thread 12708] [5.0] [cxt 0] Transmitting packet of size 90 out of port 0
[14:52:55.938] [bmv2] [D] [thread 12708] [6.0] [cxt 0] Transmitting packet of size 70 out of port 0
[14:52:56.162] [bmv2] [D] [thread 12703] [7.0] [cxt 0] Processing packet received on port 2
[14:52:56.162] [bmv2] [D] [thread 12703] [7.0] [cxt 0] Parser 'parser': start
[14:52:56.162] [bmv2] [D] [thread 12703] [7.0] [cxt 0] Parser 'parser' entering state 'start'
[14:52:56.162] [bmv2] [D] [thread 12703] [7.0] [cxt 0] Parser state 'start': key is 0002
[14:52:56.162] [bmv2] [T] [thread 12703] [7.0] [cxt 0] Bytes parsed: 0
[14:52:56.162] [bmv2] [D] [thread 12703] [7.0] [cxt 0] Parser 'parser' entering state 'parse_ethernet'
[14:52:56.162] [bmv2] [D] [thread 12703] [7.0] [cxt 0] Extracting header 'ethernet'
[14:52:56.162] [bmv2] [D] [thread 12703] [7.0] [cxt 0] Parser state 'parse_ethernet': key is 86dd
[14:52:56.162] [bmv2] [T] [thread 12703] [7.0] [cxt 0] Bytes parsed: 14
[14:52:56.162] [bmv2] [D] [thread 12703] [7.0] [cxt 0] Parser 'parser': end
[14:52:56.162] [bmv2] [D] [thread 12703] [7.0] [cxt 0] Pipeline 'ingress': start
[14:52:56.162] [bmv2] [T] [thread 12703] [7.0] [cxt 0] srv6.p4(366) Condition "standard_metadata.ingress_port == CPU_PORT" (node_2) is false
[14:52:56.162] [bmv2] [T] [thread 12703] [7.0] [cxt 0] Applying table 'ingress.local_mac_table'
[14:52:56.162] [bmv2] [D] [thread 12703] [7.0] [cxt 0] Looking up key:
* hdr.ethernet.dst_addr: 333300000016

[14:52:56.162] [bmv2] [D] [thread 12703] [7.0] [cxt 0] Table 'ingress.local_mac_table': miss
[14:52:56.162] [bmv2] [D] [thread 12703] [7.0] [cxt 0] Action entry is NoAction - 
[14:52:56.162] [bmv2] [T] [thread 12703] [7.0] [cxt 0] Action NoAction
[14:52:56.162] [bmv2] [D] [thread 12703] [7.0] [cxt 0] Pipeline 'ingress': end
[14:52:56.162] [bmv2] [D] [thread 12703] [7.0] [cxt 0] Egress port is 0
[14:52:56.162] [bmv2] [D] [thread 12703] [8.0] [cxt 0] Processing packet received on port 2
[14:52:56.162] [bmv2] [D] [thread 12703] [8.0] [cxt 0] Parser 'parser': start
[14:52:56.162] [bmv2] [D] [thread 12703] [8.0] [cxt 0] Parser 'parser' entering state 'start'
[14:52:56.162] [bmv2] [D] [thread 12703] [8.0] [cxt 0] Parser state 'start': key is 0002
[14:52:56.162] [bmv2] [T] [thread 12703] [8.0] [cxt 0] Bytes parsed: 0
[14:52:56.162] [bmv2] [D] [thread 12703] [8.0] [cxt 0] Parser 'parser' entering state 'parse_ethernet'
[14:52:56.162] [bmv2] [D] [thread 12703] [8.0] [cxt 0] Extracting header 'ethernet'
[14:52:56.162] [bmv2] [D] [thread 12703] [8.0] [cxt 0] Parser state 'parse_ethernet': key is 86dd
[14:52:56.162] [bmv2] [T] [thread 12703] [8.0] [cxt 0] Bytes parsed: 14
[14:52:56.162] [bmv2] [D] [thread 12703] [8.0] [cxt 0] Parser 'parser': end
[14:52:56.162] [bmv2] [D] [thread 12703] [8.0] [cxt 0] Pipeline 'ingress': start
[14:52:56.162] [bmv2] [T] [thread 12703] [8.0] [cxt 0] srv6.p4(366) Condition "standard_metadata.ingress_port == CPU_PORT" (node_2) is false
[14:52:56.162] [bmv2] [T] [thread 12703] [8.0] [cxt 0] Applying table 'ingress.local_mac_table'
[14:52:56.162] [bmv2] [D] [thread 12703] [8.0] [cxt 0] Looking up key:
* hdr.ethernet.dst_addr: 333300000002

[14:52:56.162] [bmv2] [D] [thread 12703] [8.0] [cxt 0] Table 'ingress.local_mac_table': miss
[14:52:56.162] [bmv2] [D] [thread 12703] [8.0] [cxt 0] Action entry is NoAction - 
[14:52:56.162] [bmv2] [T] [thread 12703] [8.0] [cxt 0] Action NoAction
[14:52:56.162] [bmv2] [D] [thread 12703] [8.0] [cxt 0] Pipeline 'ingress': end
[14:52:56.162] [bmv2] [D] [thread 12703] [8.0] [cxt 0] Egress port is 0
[14:52:56.162] [bmv2] [D] [thread 12703] [9.0] [cxt 0] Processing packet received on port 2
[14:52:56.162] [bmv2] [D] [thread 12703] [9.0] [cxt 0] Parser 'parser': start
[14:52:56.162] [bmv2] [D] [thread 12703] [9.0] [cxt 0] Parser 'parser' entering state 'start'
[14:52:56.162] [bmv2] [D] [thread 12703] [9.0] [cxt 0] Parser state 'start': key is 0002
[14:52:56.162] [bmv2] [T] [thread 12703] [9.0] [cxt 0] Bytes parsed: 0
[14:52:56.162] [bmv2] [D] [thread 12703] [9.0] [cxt 0] Parser 'parser' entering state 'parse_ethernet'
[14:52:56.162] [bmv2] [D] [thread 12703] [9.0] [cxt 0] Extracting header 'ethernet'
[14:52:56.162] [bmv2] [D] [thread 12703] [9.0] [cxt 0] Parser state 'parse_ethernet': key is 86dd
[14:52:56.162] [bmv2] [T] [thread 12703] [9.0] [cxt 0] Bytes parsed: 14
[14:52:56.162] [bmv2] [D] [thread 12703] [9.0] [cxt 0] Parser 'parser': end
[14:52:56.162] [bmv2] [D] [thread 12703] [9.0] [cxt 0] Pipeline 'ingress': start
[14:52:56.162] [bmv2] [T] [thread 12703] [9.0] [cxt 0] srv6.p4(366) Condition "standard_metadata.ingress_port == CPU_PORT" (node_2) is false
[14:52:56.162] [bmv2] [T] [thread 12703] [9.0] [cxt 0] Applying table 'ingress.local_mac_table'
[14:52:56.162] [bmv2] [D] [thread 12703] [9.0] [cxt 0] Looking up key:
* hdr.ethernet.dst_addr: 333300000016

[14:52:56.162] [bmv2] [D] [thread 12703] [9.0] [cxt 0] Table 'ingress.local_mac_table': miss
[14:52:56.162] [bmv2] [D] [thread 12703] [9.0] [cxt 0] Action entry is NoAction - 
[14:52:56.163] [bmv2] [T] [thread 12703] [9.0] [cxt 0] Action NoAction
[14:52:56.163] [bmv2] [D] [thread 12703] [9.0] [cxt 0] Pipeline 'ingress': end
[14:52:56.163] [bmv2] [D] [thread 12703] [9.0] [cxt 0] Egress port is 0
[14:52:56.163] [bmv2] [D] [thread 12703] [10.0] [cxt 0] Processing packet received on port 2
[14:52:56.163] [bmv2] [D] [thread 12703] [10.0] [cxt 0] Parser 'parser': start
[14:52:56.163] [bmv2] [D] [thread 12703] [10.0] [cxt 0] Parser 'parser' entering state 'start'
[14:52:56.163] [bmv2] [D] [thread 12703] [10.0] [cxt 0] Parser state 'start': key is 0002
[14:52:56.163] [bmv2] [T] [thread 12703] [10.0] [cxt 0] Bytes parsed: 0
[14:52:56.163] [bmv2] [D] [thread 12703] [10.0] [cxt 0] Parser 'parser' entering state 'parse_ethernet'
[14:52:56.163] [bmv2] [D] [thread 12703] [10.0] [cxt 0] Extracting header 'ethernet'
[14:52:56.163] [bmv2] [D] [thread 12703] [10.0] [cxt 0] Parser state 'parse_ethernet': key is 86dd
[14:52:56.163] [bmv2] [T] [thread 12703] [10.0] [cxt 0] Bytes parsed: 14
[14:52:56.163] [bmv2] [D] [thread 12703] [10.0] [cxt 0] Parser 'parser': end
[14:52:56.163] [bmv2] [D] [thread 12703] [10.0] [cxt 0] Pipeline 'ingress': start
[14:52:56.163] [bmv2] [T] [thread 12703] [10.0] [cxt 0] srv6.p4(366) Condition "standard_metadata.ingress_port == CPU_PORT" (node_2) is false
[14:52:56.163] [bmv2] [T] [thread 12703] [10.0] [cxt 0] Applying table 'ingress.local_mac_table'
[14:52:56.163] [bmv2] [D] [thread 12703] [10.0] [cxt 0] Looking up key:
* hdr.ethernet.dst_addr: 333300000002

[14:52:56.163] [bmv2] [D] [thread 12703] [10.0] [cxt 0] Table 'ingress.local_mac_table': miss
[14:52:56.163] [bmv2] [D] [thread 12703] [10.0] [cxt 0] Action entry is NoAction - 
[14:52:56.163] [bmv2] [T] [thread 12703] [10.0] [cxt 0] Action NoAction
[14:52:56.163] [bmv2] [D] [thread 12703] [10.0] [cxt 0] Pipeline 'ingress': end
[14:52:56.163] [bmv2] [D] [thread 12703] [10.0] [cxt 0] Egress port is 0
[14:52:56.163] [bmv2] [D] [thread 12704] [7.0] [cxt 0] Pipeline 'egress': start
[14:52:56.163] [bmv2] [T] [thread 12704] [7.0] [cxt 0] srv6.p4(418) Condition "standard_metadata.egress_port == CPU_PORT" (node_15) is false
[14:52:56.163] [bmv2] [D] [thread 12704] [7.0] [cxt 0] Pipeline 'egress': end
[14:52:56.163] [bmv2] [D] [thread 12704] [7.0] [cxt 0] Deparser 'deparser': start
[14:52:56.163] [bmv2] [T] [thread 12704] [7.0] [cxt 0] Skipping checksum 'cksum' update because condition not met
[14:52:56.163] [bmv2] [D] [thread 12704] [7.0] [cxt 0] Deparsing header 'ethernet'
[14:52:56.163] [bmv2] [D] [thread 12704] [7.0] [cxt 0] Deparser 'deparser': end
[14:52:56.163] [bmv2] [D] [thread 12704] [8.0] [cxt 0] Pipeline 'egress': start
[14:52:56.163] [bmv2] [T] [thread 12704] [8.0] [cxt 0] srv6.p4(418) Condition "standard_metadata.egress_port == CPU_PORT" (node_15) is false
[14:52:56.163] [bmv2] [D] [thread 12704] [8.0] [cxt 0] Pipeline 'egress': end
[14:52:56.163] [bmv2] [D] [thread 12704] [8.0] [cxt 0] Deparser 'deparser': start
[14:52:56.163] [bmv2] [T] [thread 12704] [8.0] [cxt 0] Skipping checksum 'cksum' update because condition not met
[14:52:56.163] [bmv2] [D] [thread 12704] [8.0] [cxt 0] Deparsing header 'ethernet'
[14:52:56.163] [bmv2] [D] [thread 12704] [8.0] [cxt 0] Deparser 'deparser': end
[14:52:56.163] [bmv2] [D] [thread 12704] [9.0] [cxt 0] Pipeline 'egress': start
[14:52:56.163] [bmv2] [T] [thread 12704] [9.0] [cxt 0] srv6.p4(418) Condition "standard_metadata.egress_port == CPU_PORT" (node_15) is false
[14:52:56.163] [bmv2] [D] [thread 12704] [9.0] [cxt 0] Pipeline 'egress': end
[14:52:56.163] [bmv2] [D] [thread 12704] [9.0] [cxt 0] Deparser 'deparser': start
[14:52:56.163] [bmv2] [T] [thread 12704] [9.0] [cxt 0] Skipping checksum 'cksum' update because condition not met
[14:52:56.163] [bmv2] [D] [thread 12704] [9.0] [cxt 0] Deparsing header 'ethernet'
[14:52:56.163] [bmv2] [D] [thread 12704] [9.0] [cxt 0] Deparser 'deparser': end
[14:52:56.163] [bmv2] [D] [thread 12704] [10.0] [cxt 0] Pipeline 'egress': start
[14:52:56.163] [bmv2] [T] [thread 12704] [10.0] [cxt 0] srv6.p4(418) Condition "standard_metadata.egress_port == CPU_PORT" (node_15) is false
[14:52:56.163] [bmv2] [D] [thread 12704] [10.0] [cxt 0] Pipeline 'egress': end
[14:52:56.163] [bmv2] [D] [thread 12704] [10.0] [cxt 0] Deparser 'deparser': start
[14:52:56.163] [bmv2] [T] [thread 12704] [10.0] [cxt 0] Skipping checksum 'cksum' update because condition not met
[14:52:56.163] [bmv2] [D] [thread 12704] [10.0] [cxt 0] Deparsing header 'ethernet'
[14:52:56.163] [bmv2] [D] [thread 12704] [10.0] [cxt 0] Deparser 'deparser': end
[14:52:56.163] [bmv2] [D] [thread 12703] [11.0] [cxt 0] Processing packet received on port 1
[14:52:56.163] [bmv2] [D] [thread 12703] [11.0] [cxt 0] Parser 'parser': start
[14:52:56.163] [bmv2] [D] [thread 12703] [11.0] [cxt 0] Parser 'parser' entering state 'start'
[14:52:56.163] [bmv2] [D] [thread 12703] [11.0] [cxt 0] Parser state 'start': key is 0001
[14:52:56.163] [bmv2] [T] [thread 12703] [11.0] [cxt 0] Bytes parsed: 0
[14:52:56.163] [bmv2] [D] [thread 12703] [11.0] [cxt 0] Parser 'parser' entering state 'parse_ethernet'
[14:52:56.163] [bmv2] [D] [thread 12703] [11.0] [cxt 0] Extracting header 'ethernet'
[14:52:56.163] [bmv2] [D] [thread 12703] [11.0] [cxt 0] Parser state 'parse_ethernet': key is 86dd
[14:52:56.163] [bmv2] [T] [thread 12703] [11.0] [cxt 0] Bytes parsed: 14
[14:52:56.163] [bmv2] [D] [thread 12703] [11.0] [cxt 0] Parser 'parser': end
[14:52:56.163] [bmv2] [D] [thread 12703] [11.0] [cxt 0] Pipeline 'ingress': start
[14:52:56.163] [bmv2] [T] [thread 12703] [11.0] [cxt 0] srv6.p4(366) Condition "standard_metadata.ingress_port == CPU_PORT" (node_2) is false
[14:52:56.163] [bmv2] [T] [thread 12703] [11.0] [cxt 0] Applying table 'ingress.local_mac_table'
[14:52:56.163] [bmv2] [D] [thread 12703] [11.0] [cxt 0] Looking up key:
* hdr.ethernet.dst_addr: 333300000016

[14:52:56.163] [bmv2] [D] [thread 12703] [11.0] [cxt 0] Table 'ingress.local_mac_table': miss
[14:52:56.163] [bmv2] [D] [thread 12703] [11.0] [cxt 0] Action entry is NoAction - 
[14:52:56.163] [bmv2] [T] [thread 12703] [11.0] [cxt 0] Action NoAction
[14:52:56.163] [bmv2] [D] [thread 12703] [11.0] [cxt 0] Pipeline 'ingress': end
[14:52:56.163] [bmv2] [D] [thread 12703] [11.0] [cxt 0] Egress port is 0
[14:52:56.163] [bmv2] [D] [thread 12704] [11.0] [cxt 0] Pipeline 'egress': start
[14:52:56.163] [bmv2] [T] [thread 12704] [11.0] [cxt 0] srv6.p4(418) Condition "standard_metadata.egress_port == CPU_PORT" (node_15) is false
[14:52:56.163] [bmv2] [D] [thread 12704] [11.0] [cxt 0] Pipeline 'egress': end
[14:52:56.163] [bmv2] [D] [thread 12704] [11.0] [cxt 0] Deparser 'deparser': start
[14:52:56.163] [bmv2] [T] [thread 12704] [11.0] [cxt 0] Skipping checksum 'cksum' update because condition not met
[14:52:56.163] [bmv2] [D] [thread 12704] [11.0] [cxt 0] Deparsing header 'ethernet'
[14:52:56.163] [bmv2] [D] [thread 12704] [11.0] [cxt 0] Deparser 'deparser': end
[14:52:56.163] [bmv2] [D] [thread 12708] [7.0] [cxt 0] Transmitting packet of size 90 out of port 0
[14:52:56.163] [bmv2] [D] [thread 12708] [8.0] [cxt 0] Transmitting packet of size 70 out of port 0
[14:52:56.163] [bmv2] [D] [thread 12708] [9.0] [cxt 0] Transmitting packet of size 90 out of port 0
[14:52:56.163] [bmv2] [D] [thread 12708] [10.0] [cxt 0] Transmitting packet of size 70 out of port 0
[14:52:56.163] [bmv2] [D] [thread 12708] [11.0] [cxt 0] Transmitting packet of size 90 out of port 0
[14:52:56.383] [bmv2] [D] [thread 12703] [12.0] [cxt 0] Processing packet received on port 2
[14:52:56.383] [bmv2] [D] [thread 12703] [12.0] [cxt 0] Parser 'parser': start
[14:52:56.384] [bmv2] [D] [thread 12703] [12.0] [cxt 0] Parser 'parser' entering state 'start'
[14:52:56.384] [bmv2] [D] [thread 12703] [12.0] [cxt 0] Parser state 'start': key is 0002
[14:52:56.384] [bmv2] [T] [thread 12703] [12.0] [cxt 0] Bytes parsed: 0
[14:52:56.384] [bmv2] [D] [thread 12703] [12.0] [cxt 0] Parser 'parser' entering state 'parse_ethernet'
[14:52:56.384] [bmv2] [D] [thread 12703] [12.0] [cxt 0] Extracting header 'ethernet'
[14:52:56.384] [bmv2] [D] [thread 12703] [12.0] [cxt 0] Parser state 'parse_ethernet': key is 86dd
[14:52:56.384] [bmv2] [T] [thread 12703] [12.0] [cxt 0] Bytes parsed: 14
[14:52:56.384] [bmv2] [D] [thread 12703] [12.0] [cxt 0] Parser 'parser': end
[14:52:56.384] [bmv2] [D] [thread 12703] [12.0] [cxt 0] Pipeline 'ingress': start
[14:52:56.384] [bmv2] [T] [thread 12703] [12.0] [cxt 0] srv6.p4(366) Condition "standard_metadata.ingress_port == CPU_PORT" (node_2) is false
[14:52:56.384] [bmv2] [T] [thread 12703] [12.0] [cxt 0] Applying table 'ingress.local_mac_table'
[14:52:56.384] [bmv2] [D] [thread 12703] [12.0] [cxt 0] Looking up key:
* hdr.ethernet.dst_addr: 333300000016

[14:52:56.384] [bmv2] [D] [thread 12703] [12.0] [cxt 0] Table 'ingress.local_mac_table': miss
[14:52:56.384] [bmv2] [D] [thread 12703] [12.0] [cxt 0] Action entry is NoAction - 
[14:52:56.384] [bmv2] [T] [thread 12703] [12.0] [cxt 0] Action NoAction
[14:52:56.384] [bmv2] [D] [thread 12703] [12.0] [cxt 0] Pipeline 'ingress': end
[14:52:56.384] [bmv2] [D] [thread 12703] [12.0] [cxt 0] Egress port is 0
[14:52:56.384] [bmv2] [D] [thread 12704] [12.0] [cxt 0] Pipeline 'egress': start
[14:52:56.384] [bmv2] [T] [thread 12704] [12.0] [cxt 0] srv6.p4(418) Condition "standard_metadata.egress_port == CPU_PORT" (node_15) is false
[14:52:56.384] [bmv2] [D] [thread 12704] [12.0] [cxt 0] Pipeline 'egress': end
[14:52:56.384] [bmv2] [D] [thread 12704] [12.0] [cxt 0] Deparser 'deparser': start
[14:52:56.384] [bmv2] [T] [thread 12704] [12.0] [cxt 0] Skipping checksum 'cksum' update because condition not met
[14:52:56.384] [bmv2] [D] [thread 12704] [12.0] [cxt 0] Deparsing header 'ethernet'
[14:52:56.384] [bmv2] [D] [thread 12704] [12.0] [cxt 0] Deparser 'deparser': end
[14:52:56.384] [bmv2] [D] [thread 12708] [12.0] [cxt 0] Transmitting packet of size 90 out of port 0
[14:52:56.671] [bmv2] [D] [thread 12703] [13.0] [cxt 0] Processing packet received on port 2
[14:52:56.671] [bmv2] [D] [thread 12703] [13.0] [cxt 0] Parser 'parser': start
[14:52:56.671] [bmv2] [D] [thread 12703] [13.0] [cxt 0] Parser 'parser' entering state 'start'
[14:52:56.671] [bmv2] [D] [thread 12703] [13.0] [cxt 0] Parser state 'start': key is 0002
[14:52:56.671] [bmv2] [T] [thread 12703] [13.0] [cxt 0] Bytes parsed: 0
[14:52:56.671] [bmv2] [D] [thread 12703] [13.0] [cxt 0] Parser 'parser' entering state 'parse_ethernet'
[14:52:56.671] [bmv2] [D] [thread 12703] [13.0] [cxt 0] Extracting header 'ethernet'
[14:52:56.671] [bmv2] [D] [thread 12703] [13.0] [cxt 0] Parser state 'parse_ethernet': key is 86dd
[14:52:56.671] [bmv2] [T] [thread 12703] [13.0] [cxt 0] Bytes parsed: 14
[14:52:56.671] [bmv2] [D] [thread 12703] [13.0] [cxt 0] Parser 'parser': end
[14:52:56.671] [bmv2] [D] [thread 12703] [13.0] [cxt 0] Pipeline 'ingress': start
[14:52:56.671] [bmv2] [T] [thread 12703] [13.0] [cxt 0] srv6.p4(366) Condition "standard_metadata.ingress_port == CPU_PORT" (node_2) is false
[14:52:56.671] [bmv2] [T] [thread 12703] [13.0] [cxt 0] Applying table 'ingress.local_mac_table'
[14:52:56.671] [bmv2] [D] [thread 12703] [13.0] [cxt 0] Looking up key:
* hdr.ethernet.dst_addr: 333300000016

[14:52:56.671] [bmv2] [D] [thread 12703] [13.0] [cxt 0] Table 'ingress.local_mac_table': miss
[14:52:56.671] [bmv2] [D] [thread 12703] [13.0] [cxt 0] Action entry is NoAction - 
[14:52:56.671] [bmv2] [T] [thread 12703] [13.0] [cxt 0] Action NoAction
[14:52:56.671] [bmv2] [D] [thread 12703] [13.0] [cxt 0] Pipeline 'ingress': end
[14:52:56.671] [bmv2] [D] [thread 12703] [13.0] [cxt 0] Egress port is 0
[14:52:56.671] [bmv2] [D] [thread 12704] [13.0] [cxt 0] Pipeline 'egress': start
[14:52:56.671] [bmv2] [T] [thread 12704] [13.0] [cxt 0] srv6.p4(418) Condition "standard_metadata.egress_port == CPU_PORT" (node_15) is false
[14:52:56.672] [bmv2] [D] [thread 12704] [13.0] [cxt 0] Pipeline 'egress': end
[14:52:56.672] [bmv2] [D] [thread 12704] [13.0] [cxt 0] Deparser 'deparser': start
[14:52:56.672] [bmv2] [T] [thread 12704] [13.0] [cxt 0] Skipping checksum 'cksum' update because condition not met
[14:52:56.672] [bmv2] [D] [thread 12704] [13.0] [cxt 0] Deparsing header 'ethernet'
[14:52:56.672] [bmv2] [D] [thread 12704] [13.0] [cxt 0] Deparser 'deparser': end
[14:52:56.672] [bmv2] [D] [thread 12708] [13.0] [cxt 0] Transmitting packet of size 90 out of port 0
[14:52:57.181] [bmv2] [W] [thread 12748] [P4Runtime] p4::tmp::P4DeviceConfig is deprecated
[14:52:57.183] [bmv2] [D] [thread 12748] Set default default entry for table 'tbl_srv6l370': srv6l370 - 
[14:52:57.183] [bmv2] [D] [thread 12748] Set default default entry for table 'ingress.local_mac_table': NoAction - 
[14:52:57.183] [bmv2] [D] [thread 12748] Set default default entry for table 'ingress.local_sid_table': NoAction - 
[14:52:57.183] [bmv2] [D] [thread 12748] Set default default entry for table 'tbl_srv6_pop': ingress.srv6_pop - 
[14:52:57.183] [bmv2] [D] [thread 12748] Set default default entry for table 'ingress.transit_table': NoAction - 
[14:52:57.183] [bmv2] [D] [thread 12748] Set default default entry for table 'ingress.routing_v6_table': NoAction - 
[14:52:57.183] [bmv2] [D] [thread 12748] Set default default entry for table 'tbl_drop': ingress.drop - 
[14:52:57.183] [bmv2] [D] [thread 12748] Set default default entry for table 'tbl_srv6l422': srv6l422 - 
[14:52:57.185] [bmv2] [D] [thread 12748] simple_switch target has been notified of a config swap
[14:52:57.187] [bmv2] [D] [thread 12749] Entry 0 added to table 'ingress.local_mac_table'
[14:52:57.187] [bmv2] [D] [thread 12749] Dumping entry 0
Match key:
* hdr.ethernet.dst_addr: EXACT     080000001100
Action entry: NoAction - 

[14:52:57.188] [bmv2] [E] [thread 12748] [P4Runtime] Invalid LPM value, incorrect number of trailing zeros
